<?xml version="1.0" encoding="UTF-8"?>
<testsuite xmlns:xsi="http://www.w3.org/2001/XMLSchema-instance" xsi:noNamespaceSchemaLocation="https://maven.apache.org/surefire/maven-surefire-plugin/xsd/surefire-test-report.xsd" name="com.microservices.demo.currencyExchangeService.CurrencyExchangeServiceApplicationTests" time="9.712" tests="1" errors="0" skipped="0" failures="0">
  <properties>
    <property name="sun.desktop" value="windows"/>
    <property name="awt.toolkit" value="sun.awt.windows.WToolkit"/>
    <property name="file.encoding.pkg" value="sun.io"/>
    <property name="java.specification.version" value="1.8"/>
    <property name="sun.cpu.isalist" value="amd64"/>
    <property name="sun.jnu.encoding" value="Cp1252"/>
    <property name="java.class.path" value="C:\Users\lenovo\Documents\Programmes\microservices\currency-exchange-service\target\test-classes;C:\Users\lenovo\Documents\Programmes\microservices\currency-exchange-service\target\classes;C:\Users\lenovo\.m2\repository\org\springframework\boot\spring-boot-starter-actuator\2.1.0.M2\spring-boot-starter-actuator-2.1.0.M2.jar;C:\Users\lenovo\.m2\repository\org\springframework\boot\spring-boot-starter\2.1.0.M2\spring-boot-starter-2.1.0.M2.jar;C:\Users\lenovo\.m2\repository\org\springframework\boot\spring-boot-starter-logging\2.1.0.M2\spring-boot-starter-logging-2.1.0.M2.jar;C:\Users\lenovo\.m2\repository\ch\qos\logback\logback-classic\1.2.3\logback-classic-1.2.3.jar;C:\Users\lenovo\.m2\repository\ch\qos\logback\logback-core\1.2.3\logback-core-1.2.3.jar;C:\Users\lenovo\.m2\repository\org\apache\logging\log4j\log4j-to-slf4j\2.11.1\log4j-to-slf4j-2.11.1.jar;C:\Users\lenovo\.m2\repository\org\apache\logging\log4j\log4j-api\2.11.1\log4j-api-2.11.1.jar;C:\Users\lenovo\.m2\repository\org\slf4j\jul-to-slf4j\1.7.25\jul-to-slf4j-1.7.25.jar;C:\Users\lenovo\.m2\repository\javax\annotation\javax.annotation-api\1.3.2\javax.annotation-api-1.3.2.jar;C:\Users\lenovo\.m2\repository\org\yaml\snakeyaml\1.21\snakeyaml-1.21.jar;C:\Users\lenovo\.m2\repository\org\springframework\boot\spring-boot-actuator-autoconfigure\2.1.0.M2\spring-boot-actuator-autoconfigure-2.1.0.M2.jar;C:\Users\lenovo\.m2\repository\org\springframework\boot\spring-boot-actuator\2.1.0.M2\spring-boot-actuator-2.1.0.M2.jar;C:\Users\lenovo\.m2\repository\org\springframework\spring-context\5.1.0.RC2\spring-context-5.1.0.RC2.jar;C:\Users\lenovo\.m2\repository\com\fasterxml\jackson\datatype\jackson-datatype-jsr310\2.9.6\jackson-datatype-jsr310-2.9.6.jar;C:\Users\lenovo\.m2\repository\io\micrometer\micrometer-core\1.0.6\micrometer-core-1.0.6.jar;C:\Users\lenovo\.m2\repository\org\hdrhistogram\HdrHistogram\2.1.10\HdrHistogram-2.1.10.jar;C:\Users\lenovo\.m2\repository\org\latencyutils\LatencyUtils\2.0.3\LatencyUtils-2.0.3.jar;C:\Users\lenovo\.m2\repository\org\springframework\boot\spring-boot-starter-web\2.1.0.M2\spring-boot-starter-web-2.1.0.M2.jar;C:\Users\lenovo\.m2\repository\org\springframework\boot\spring-boot-starter-json\2.1.0.M2\spring-boot-starter-json-2.1.0.M2.jar;C:\Users\lenovo\.m2\repository\com\fasterxml\jackson\datatype\jackson-datatype-jdk8\2.9.6\jackson-datatype-jdk8-2.9.6.jar;C:\Users\lenovo\.m2\repository\com\fasterxml\jackson\module\jackson-module-parameter-names\2.9.6\jackson-module-parameter-names-2.9.6.jar;C:\Users\lenovo\.m2\repository\org\springframework\boot\spring-boot-starter-tomcat\2.1.0.M2\spring-boot-starter-tomcat-2.1.0.M2.jar;C:\Users\lenovo\.m2\repository\org\apache\tomcat\embed\tomcat-embed-core\9.0.10\tomcat-embed-core-9.0.10.jar;C:\Users\lenovo\.m2\repository\org\apache\tomcat\embed\tomcat-embed-el\9.0.10\tomcat-embed-el-9.0.10.jar;C:\Users\lenovo\.m2\repository\org\apache\tomcat\embed\tomcat-embed-websocket\9.0.10\tomcat-embed-websocket-9.0.10.jar;C:\Users\lenovo\.m2\repository\org\hibernate\validator\hibernate-validator\6.0.12.Final\hibernate-validator-6.0.12.Final.jar;C:\Users\lenovo\.m2\repository\javax\validation\validation-api\2.0.1.Final\validation-api-2.0.1.Final.jar;C:\Users\lenovo\.m2\repository\org\jboss\logging\jboss-logging\3.3.2.Final\jboss-logging-3.3.2.Final.jar;C:\Users\lenovo\.m2\repository\com\fasterxml\classmate\1.3.4\classmate-1.3.4.jar;C:\Users\lenovo\.m2\repository\org\springframework\spring-web\5.1.0.RC2\spring-web-5.1.0.RC2.jar;C:\Users\lenovo\.m2\repository\org\springframework\spring-beans\5.1.0.RC2\spring-beans-5.1.0.RC2.jar;C:\Users\lenovo\.m2\repository\org\springframework\spring-webmvc\5.1.0.RC2\spring-webmvc-5.1.0.RC2.jar;C:\Users\lenovo\.m2\repository\org\springframework\spring-aop\5.1.0.RC2\spring-aop-5.1.0.RC2.jar;C:\Users\lenovo\.m2\repository\org\springframework\spring-expression\5.1.0.RC2\spring-expression-5.1.0.RC2.jar;C:\Users\lenovo\.m2\repository\org\springframework\boot\spring-boot-starter-data-jpa\2.1.0.M2\spring-boot-starter-data-jpa-2.1.0.M2.jar;C:\Users\lenovo\.m2\repository\org\springframework\boot\spring-boot-starter-aop\2.1.0.M2\spring-boot-starter-aop-2.1.0.M2.jar;C:\Users\lenovo\.m2\repository\org\aspectj\aspectjweaver\1.9.1\aspectjweaver-1.9.1.jar;C:\Users\lenovo\.m2\repository\org\springframework\boot\spring-boot-starter-jdbc\2.1.0.M2\spring-boot-starter-jdbc-2.1.0.M2.jar;C:\Users\lenovo\.m2\repository\com\zaxxer\HikariCP\3.2.0\HikariCP-3.2.0.jar;C:\Users\lenovo\.m2\repository\org\springframework\spring-jdbc\5.1.0.RC2\spring-jdbc-5.1.0.RC2.jar;C:\Users\lenovo\.m2\repository\org\hibernate\hibernate-core\5.3.5.Final\hibernate-core-5.3.5.Final.jar;C:\Users\lenovo\.m2\repository\javax\persistence\javax.persistence-api\2.2\javax.persistence-api-2.2.jar;C:\Users\lenovo\.m2\repository\org\javassist\javassist\3.23.1-GA\javassist-3.23.1-GA.jar;C:\Users\lenovo\.m2\repository\net\bytebuddy\byte-buddy\1.8.17\byte-buddy-1.8.17.jar;C:\Users\lenovo\.m2\repository\antlr\antlr\2.7.7\antlr-2.7.7.jar;C:\Users\lenovo\.m2\repository\org\jboss\jandex\2.0.5.Final\jandex-2.0.5.Final.jar;C:\Users\lenovo\.m2\repository\javax\activation\javax.activation-api\1.2.0\javax.activation-api-1.2.0.jar;C:\Users\lenovo\.m2\repository\dom4j\dom4j\1.6.1\dom4j-1.6.1.jar;C:\Users\lenovo\.m2\repository\org\hibernate\common\hibernate-commons-annotations\5.0.4.Final\hibernate-commons-annotations-5.0.4.Final.jar;C:\Users\lenovo\.m2\repository\javax\transaction\javax.transaction-api\1.3\javax.transaction-api-1.3.jar;C:\Users\lenovo\.m2\repository\org\springframework\data\spring-data-jpa\2.1.0.RC2\spring-data-jpa-2.1.0.RC2.jar;C:\Users\lenovo\.m2\repository\org\springframework\data\spring-data-commons\2.1.0.RC2\spring-data-commons-2.1.0.RC2.jar;C:\Users\lenovo\.m2\repository\org\springframework\spring-orm\5.1.0.RC2\spring-orm-5.1.0.RC2.jar;C:\Users\lenovo\.m2\repository\org\springframework\spring-tx\5.1.0.RC2\spring-tx-5.1.0.RC2.jar;C:\Users\lenovo\.m2\repository\org\slf4j\slf4j-api\1.7.25\slf4j-api-1.7.25.jar;C:\Users\lenovo\.m2\repository\org\springframework\spring-aspects\5.1.0.RC2\spring-aspects-5.1.0.RC2.jar;C:\Users\lenovo\.m2\repository\org\springframework\cloud\spring-cloud-starter-config\2.1.0.BUILD-SNAPSHOT\spring-cloud-starter-config-2.1.0.BUILD-SNAPSHOT.jar;C:\Users\lenovo\.m2\repository\org\springframework\cloud\spring-cloud-starter\2.1.0.BUILD-SNAPSHOT\spring-cloud-starter-2.1.0.BUILD-SNAPSHOT.jar;C:\Users\lenovo\.m2\repository\org\springframework\cloud\spring-cloud-context\2.1.0.BUILD-SNAPSHOT\spring-cloud-context-2.1.0.BUILD-SNAPSHOT.jar;C:\Users\lenovo\.m2\repository\org\springframework\security\spring-security-crypto\5.1.0.RC1\spring-security-crypto-5.1.0.RC1.jar;C:\Users\lenovo\.m2\repository\org\springframework\cloud\spring-cloud-commons\2.1.0.BUILD-SNAPSHOT\spring-cloud-commons-2.1.0.BUILD-SNAPSHOT.jar;C:\Users\lenovo\.m2\repository\org\springframework\security\spring-security-rsa\1.0.7.RELEASE\spring-security-rsa-1.0.7.RELEASE.jar;C:\Users\lenovo\.m2\repository\org\bouncycastle\bcpkix-jdk15on\1.60\bcpkix-jdk15on-1.60.jar;C:\Users\lenovo\.m2\repository\org\bouncycastle\bcprov-jdk15on\1.60\bcprov-jdk15on-1.60.jar;C:\Users\lenovo\.m2\repository\org\springframework\cloud\spring-cloud-config-client\2.1.0.BUILD-SNAPSHOT\spring-cloud-config-client-2.1.0.BUILD-SNAPSHOT.jar;C:\Users\lenovo\.m2\repository\com\fasterxml\jackson\core\jackson-annotations\2.9.0\jackson-annotations-2.9.0.jar;C:\Users\lenovo\.m2\repository\com\fasterxml\jackson\core\jackson-databind\2.9.6\jackson-databind-2.9.6.jar;C:\Users\lenovo\.m2\repository\com\fasterxml\jackson\core\jackson-core\2.9.6\jackson-core-2.9.6.jar;C:\Users\lenovo\.m2\repository\org\springframework\cloud\spring-cloud-netflix-eureka-client\2.0.1.RELEASE\spring-cloud-netflix-eureka-client-2.0.1.RELEASE.jar;C:\Users\lenovo\.m2\repository\org\springframework\cloud\spring-cloud-netflix-core\2.1.0.BUILD-SNAPSHOT\spring-cloud-netflix-core-2.1.0.BUILD-SNAPSHOT.jar;C:\Users\lenovo\.m2\repository\org\springframework\boot\spring-boot-devtools\2.1.0.M2\spring-boot-devtools-2.1.0.M2.jar;C:\Users\lenovo\.m2\repository\org\springframework\boot\spring-boot\2.1.0.M2\spring-boot-2.1.0.M2.jar;C:\Users\lenovo\.m2\repository\org\springframework\boot\spring-boot-autoconfigure\2.1.0.M2\spring-boot-autoconfigure-2.1.0.M2.jar;C:\Users\lenovo\.m2\repository\org\springframework\boot\spring-boot-starter-test\2.1.0.M2\spring-boot-starter-test-2.1.0.M2.jar;C:\Users\lenovo\.m2\repository\org\springframework\boot\spring-boot-test\2.1.0.M2\spring-boot-test-2.1.0.M2.jar;C:\Users\lenovo\.m2\repository\org\springframework\boot\spring-boot-test-autoconfigure\2.1.0.M2\spring-boot-test-autoconfigure-2.1.0.M2.jar;C:\Users\lenovo\.m2\repository\com\jayway\jsonpath\json-path\2.4.0\json-path-2.4.0.jar;C:\Users\lenovo\.m2\repository\net\minidev\json-smart\2.3\json-smart-2.3.jar;C:\Users\lenovo\.m2\repository\net\minidev\accessors-smart\1.2\accessors-smart-1.2.jar;C:\Users\lenovo\.m2\repository\org\ow2\asm\asm\5.0.4\asm-5.0.4.jar;C:\Users\lenovo\.m2\repository\junit\junit\4.12\junit-4.12.jar;C:\Users\lenovo\.m2\repository\org\assertj\assertj-core\3.11.0\assertj-core-3.11.0.jar;C:\Users\lenovo\.m2\repository\org\mockito\mockito-core\2.21.0\mockito-core-2.21.0.jar;C:\Users\lenovo\.m2\repository\net\bytebuddy\byte-buddy-agent\1.8.17\byte-buddy-agent-1.8.17.jar;C:\Users\lenovo\.m2\repository\org\objenesis\objenesis\2.6\objenesis-2.6.jar;C:\Users\lenovo\.m2\repository\org\hamcrest\hamcrest-core\1.3\hamcrest-core-1.3.jar;C:\Users\lenovo\.m2\repository\org\hamcrest\hamcrest-library\1.3\hamcrest-library-1.3.jar;C:\Users\lenovo\.m2\repository\org\skyscreamer\jsonassert\1.5.0\jsonassert-1.5.0.jar;C:\Users\lenovo\.m2\repository\com\vaadin\external\google\android-json\0.0.20131108.vaadin1\android-json-0.0.20131108.vaadin1.jar;C:\Users\lenovo\.m2\repository\org\springframework\spring-core\5.1.0.RC2\spring-core-5.1.0.RC2.jar;C:\Users\lenovo\.m2\repository\org\springframework\spring-jcl\5.1.0.RC2\spring-jcl-5.1.0.RC2.jar;C:\Users\lenovo\.m2\repository\org\springframework\spring-test\5.1.0.RC2\spring-test-5.1.0.RC2.jar;C:\Users\lenovo\.m2\repository\org\xmlunit\xmlunit-core\2.6.1\xmlunit-core-2.6.1.jar;C:\Users\lenovo\.m2\repository\com\h2database\h2\1.4.196\h2-1.4.196.jar;"/>
    <property name="java.vm.vendor" value="Oracle Corporation"/>
    <property name="sun.arch.data.model" value="64"/>
    <property name="user.variant" value=""/>
    <property name="java.vendor.url" value="http://java.oracle.com/"/>
    <property name="user.timezone" value="Asia/Calcutta"/>
    <property name="java.vm.specification.version" value="1.8"/>
    <property name="os.name" value="Windows 10"/>
    <property name="user.country" value="US"/>
    <property name="sun.java.launcher" value="SUN_STANDARD"/>
    <property name="sun.boot.library.path" value="C:\Program Files\Java\jdk1.8.0_181\jre\bin"/>
    <property name="sun.java.command" value="C:\Users\lenovo\AppData\Local\Temp\surefire7634673535945426731\surefirebooter3175708983416722614.jar C:\Users\lenovo\AppData\Local\Temp\surefire7634673535945426731 2018-09-09T20-24-40_485-jvmRun1 surefire7981491222200360374tmp surefire_04754786384694661325tmp"/>
    <property name="surefire.test.class.path" value="C:\Users\lenovo\Documents\Programmes\microservices\currency-exchange-service\target\test-classes;C:\Users\lenovo\Documents\Programmes\microservices\currency-exchange-service\target\classes;C:\Users\lenovo\.m2\repository\org\springframework\boot\spring-boot-starter-actuator\2.1.0.M2\spring-boot-starter-actuator-2.1.0.M2.jar;C:\Users\lenovo\.m2\repository\org\springframework\boot\spring-boot-starter\2.1.0.M2\spring-boot-starter-2.1.0.M2.jar;C:\Users\lenovo\.m2\repository\org\springframework\boot\spring-boot-starter-logging\2.1.0.M2\spring-boot-starter-logging-2.1.0.M2.jar;C:\Users\lenovo\.m2\repository\ch\qos\logback\logback-classic\1.2.3\logback-classic-1.2.3.jar;C:\Users\lenovo\.m2\repository\ch\qos\logback\logback-core\1.2.3\logback-core-1.2.3.jar;C:\Users\lenovo\.m2\repository\org\apache\logging\log4j\log4j-to-slf4j\2.11.1\log4j-to-slf4j-2.11.1.jar;C:\Users\lenovo\.m2\repository\org\apache\logging\log4j\log4j-api\2.11.1\log4j-api-2.11.1.jar;C:\Users\lenovo\.m2\repository\org\slf4j\jul-to-slf4j\1.7.25\jul-to-slf4j-1.7.25.jar;C:\Users\lenovo\.m2\repository\javax\annotation\javax.annotation-api\1.3.2\javax.annotation-api-1.3.2.jar;C:\Users\lenovo\.m2\repository\org\yaml\snakeyaml\1.21\snakeyaml-1.21.jar;C:\Users\lenovo\.m2\repository\org\springframework\boot\spring-boot-actuator-autoconfigure\2.1.0.M2\spring-boot-actuator-autoconfigure-2.1.0.M2.jar;C:\Users\lenovo\.m2\repository\org\springframework\boot\spring-boot-actuator\2.1.0.M2\spring-boot-actuator-2.1.0.M2.jar;C:\Users\lenovo\.m2\repository\org\springframework\spring-context\5.1.0.RC2\spring-context-5.1.0.RC2.jar;C:\Users\lenovo\.m2\repository\com\fasterxml\jackson\datatype\jackson-datatype-jsr310\2.9.6\jackson-datatype-jsr310-2.9.6.jar;C:\Users\lenovo\.m2\repository\io\micrometer\micrometer-core\1.0.6\micrometer-core-1.0.6.jar;C:\Users\lenovo\.m2\repository\org\hdrhistogram\HdrHistogram\2.1.10\HdrHistogram-2.1.10.jar;C:\Users\lenovo\.m2\repository\org\latencyutils\LatencyUtils\2.0.3\LatencyUtils-2.0.3.jar;C:\Users\lenovo\.m2\repository\org\springframework\boot\spring-boot-starter-web\2.1.0.M2\spring-boot-starter-web-2.1.0.M2.jar;C:\Users\lenovo\.m2\repository\org\springframework\boot\spring-boot-starter-json\2.1.0.M2\spring-boot-starter-json-2.1.0.M2.jar;C:\Users\lenovo\.m2\repository\com\fasterxml\jackson\datatype\jackson-datatype-jdk8\2.9.6\jackson-datatype-jdk8-2.9.6.jar;C:\Users\lenovo\.m2\repository\com\fasterxml\jackson\module\jackson-module-parameter-names\2.9.6\jackson-module-parameter-names-2.9.6.jar;C:\Users\lenovo\.m2\repository\org\springframework\boot\spring-boot-starter-tomcat\2.1.0.M2\spring-boot-starter-tomcat-2.1.0.M2.jar;C:\Users\lenovo\.m2\repository\org\apache\tomcat\embed\tomcat-embed-core\9.0.10\tomcat-embed-core-9.0.10.jar;C:\Users\lenovo\.m2\repository\org\apache\tomcat\embed\tomcat-embed-el\9.0.10\tomcat-embed-el-9.0.10.jar;C:\Users\lenovo\.m2\repository\org\apache\tomcat\embed\tomcat-embed-websocket\9.0.10\tomcat-embed-websocket-9.0.10.jar;C:\Users\lenovo\.m2\repository\org\hibernate\validator\hibernate-validator\6.0.12.Final\hibernate-validator-6.0.12.Final.jar;C:\Users\lenovo\.m2\repository\javax\validation\validation-api\2.0.1.Final\validation-api-2.0.1.Final.jar;C:\Users\lenovo\.m2\repository\org\jboss\logging\jboss-logging\3.3.2.Final\jboss-logging-3.3.2.Final.jar;C:\Users\lenovo\.m2\repository\com\fasterxml\classmate\1.3.4\classmate-1.3.4.jar;C:\Users\lenovo\.m2\repository\org\springframework\spring-web\5.1.0.RC2\spring-web-5.1.0.RC2.jar;C:\Users\lenovo\.m2\repository\org\springframework\spring-beans\5.1.0.RC2\spring-beans-5.1.0.RC2.jar;C:\Users\lenovo\.m2\repository\org\springframework\spring-webmvc\5.1.0.RC2\spring-webmvc-5.1.0.RC2.jar;C:\Users\lenovo\.m2\repository\org\springframework\spring-aop\5.1.0.RC2\spring-aop-5.1.0.RC2.jar;C:\Users\lenovo\.m2\repository\org\springframework\spring-expression\5.1.0.RC2\spring-expression-5.1.0.RC2.jar;C:\Users\lenovo\.m2\repository\org\springframework\boot\spring-boot-starter-data-jpa\2.1.0.M2\spring-boot-starter-data-jpa-2.1.0.M2.jar;C:\Users\lenovo\.m2\repository\org\springframework\boot\spring-boot-starter-aop\2.1.0.M2\spring-boot-starter-aop-2.1.0.M2.jar;C:\Users\lenovo\.m2\repository\org\aspectj\aspectjweaver\1.9.1\aspectjweaver-1.9.1.jar;C:\Users\lenovo\.m2\repository\org\springframework\boot\spring-boot-starter-jdbc\2.1.0.M2\spring-boot-starter-jdbc-2.1.0.M2.jar;C:\Users\lenovo\.m2\repository\com\zaxxer\HikariCP\3.2.0\HikariCP-3.2.0.jar;C:\Users\lenovo\.m2\repository\org\springframework\spring-jdbc\5.1.0.RC2\spring-jdbc-5.1.0.RC2.jar;C:\Users\lenovo\.m2\repository\org\hibernate\hibernate-core\5.3.5.Final\hibernate-core-5.3.5.Final.jar;C:\Users\lenovo\.m2\repository\javax\persistence\javax.persistence-api\2.2\javax.persistence-api-2.2.jar;C:\Users\lenovo\.m2\repository\org\javassist\javassist\3.23.1-GA\javassist-3.23.1-GA.jar;C:\Users\lenovo\.m2\repository\net\bytebuddy\byte-buddy\1.8.17\byte-buddy-1.8.17.jar;C:\Users\lenovo\.m2\repository\antlr\antlr\2.7.7\antlr-2.7.7.jar;C:\Users\lenovo\.m2\repository\org\jboss\jandex\2.0.5.Final\jandex-2.0.5.Final.jar;C:\Users\lenovo\.m2\repository\javax\activation\javax.activation-api\1.2.0\javax.activation-api-1.2.0.jar;C:\Users\lenovo\.m2\repository\dom4j\dom4j\1.6.1\dom4j-1.6.1.jar;C:\Users\lenovo\.m2\repository\org\hibernate\common\hibernate-commons-annotations\5.0.4.Final\hibernate-commons-annotations-5.0.4.Final.jar;C:\Users\lenovo\.m2\repository\javax\transaction\javax.transaction-api\1.3\javax.transaction-api-1.3.jar;C:\Users\lenovo\.m2\repository\org\springframework\data\spring-data-jpa\2.1.0.RC2\spring-data-jpa-2.1.0.RC2.jar;C:\Users\lenovo\.m2\repository\org\springframework\data\spring-data-commons\2.1.0.RC2\spring-data-commons-2.1.0.RC2.jar;C:\Users\lenovo\.m2\repository\org\springframework\spring-orm\5.1.0.RC2\spring-orm-5.1.0.RC2.jar;C:\Users\lenovo\.m2\repository\org\springframework\spring-tx\5.1.0.RC2\spring-tx-5.1.0.RC2.jar;C:\Users\lenovo\.m2\repository\org\slf4j\slf4j-api\1.7.25\slf4j-api-1.7.25.jar;C:\Users\lenovo\.m2\repository\org\springframework\spring-aspects\5.1.0.RC2\spring-aspects-5.1.0.RC2.jar;C:\Users\lenovo\.m2\repository\org\springframework\cloud\spring-cloud-starter-config\2.1.0.BUILD-SNAPSHOT\spring-cloud-starter-config-2.1.0.BUILD-SNAPSHOT.jar;C:\Users\lenovo\.m2\repository\org\springframework\cloud\spring-cloud-starter\2.1.0.BUILD-SNAPSHOT\spring-cloud-starter-2.1.0.BUILD-SNAPSHOT.jar;C:\Users\lenovo\.m2\repository\org\springframework\cloud\spring-cloud-context\2.1.0.BUILD-SNAPSHOT\spring-cloud-context-2.1.0.BUILD-SNAPSHOT.jar;C:\Users\lenovo\.m2\repository\org\springframework\security\spring-security-crypto\5.1.0.RC1\spring-security-crypto-5.1.0.RC1.jar;C:\Users\lenovo\.m2\repository\org\springframework\cloud\spring-cloud-commons\2.1.0.BUILD-SNAPSHOT\spring-cloud-commons-2.1.0.BUILD-SNAPSHOT.jar;C:\Users\lenovo\.m2\repository\org\springframework\security\spring-security-rsa\1.0.7.RELEASE\spring-security-rsa-1.0.7.RELEASE.jar;C:\Users\lenovo\.m2\repository\org\bouncycastle\bcpkix-jdk15on\1.60\bcpkix-jdk15on-1.60.jar;C:\Users\lenovo\.m2\repository\org\bouncycastle\bcprov-jdk15on\1.60\bcprov-jdk15on-1.60.jar;C:\Users\lenovo\.m2\repository\org\springframework\cloud\spring-cloud-config-client\2.1.0.BUILD-SNAPSHOT\spring-cloud-config-client-2.1.0.BUILD-SNAPSHOT.jar;C:\Users\lenovo\.m2\repository\com\fasterxml\jackson\core\jackson-annotations\2.9.0\jackson-annotations-2.9.0.jar;C:\Users\lenovo\.m2\repository\com\fasterxml\jackson\core\jackson-databind\2.9.6\jackson-databind-2.9.6.jar;C:\Users\lenovo\.m2\repository\com\fasterxml\jackson\core\jackson-core\2.9.6\jackson-core-2.9.6.jar;C:\Users\lenovo\.m2\repository\org\springframework\cloud\spring-cloud-netflix-eureka-client\2.0.1.RELEASE\spring-cloud-netflix-eureka-client-2.0.1.RELEASE.jar;C:\Users\lenovo\.m2\repository\org\springframework\cloud\spring-cloud-netflix-core\2.1.0.BUILD-SNAPSHOT\spring-cloud-netflix-core-2.1.0.BUILD-SNAPSHOT.jar;C:\Users\lenovo\.m2\repository\org\springframework\boot\spring-boot-devtools\2.1.0.M2\spring-boot-devtools-2.1.0.M2.jar;C:\Users\lenovo\.m2\repository\org\springframework\boot\spring-boot\2.1.0.M2\spring-boot-2.1.0.M2.jar;C:\Users\lenovo\.m2\repository\org\springframework\boot\spring-boot-autoconfigure\2.1.0.M2\spring-boot-autoconfigure-2.1.0.M2.jar;C:\Users\lenovo\.m2\repository\org\springframework\boot\spring-boot-starter-test\2.1.0.M2\spring-boot-starter-test-2.1.0.M2.jar;C:\Users\lenovo\.m2\repository\org\springframework\boot\spring-boot-test\2.1.0.M2\spring-boot-test-2.1.0.M2.jar;C:\Users\lenovo\.m2\repository\org\springframework\boot\spring-boot-test-autoconfigure\2.1.0.M2\spring-boot-test-autoconfigure-2.1.0.M2.jar;C:\Users\lenovo\.m2\repository\com\jayway\jsonpath\json-path\2.4.0\json-path-2.4.0.jar;C:\Users\lenovo\.m2\repository\net\minidev\json-smart\2.3\json-smart-2.3.jar;C:\Users\lenovo\.m2\repository\net\minidev\accessors-smart\1.2\accessors-smart-1.2.jar;C:\Users\lenovo\.m2\repository\org\ow2\asm\asm\5.0.4\asm-5.0.4.jar;C:\Users\lenovo\.m2\repository\junit\junit\4.12\junit-4.12.jar;C:\Users\lenovo\.m2\repository\org\assertj\assertj-core\3.11.0\assertj-core-3.11.0.jar;C:\Users\lenovo\.m2\repository\org\mockito\mockito-core\2.21.0\mockito-core-2.21.0.jar;C:\Users\lenovo\.m2\repository\net\bytebuddy\byte-buddy-agent\1.8.17\byte-buddy-agent-1.8.17.jar;C:\Users\lenovo\.m2\repository\org\objenesis\objenesis\2.6\objenesis-2.6.jar;C:\Users\lenovo\.m2\repository\org\hamcrest\hamcrest-core\1.3\hamcrest-core-1.3.jar;C:\Users\lenovo\.m2\repository\org\hamcrest\hamcrest-library\1.3\hamcrest-library-1.3.jar;C:\Users\lenovo\.m2\repository\org\skyscreamer\jsonassert\1.5.0\jsonassert-1.5.0.jar;C:\Users\lenovo\.m2\repository\com\vaadin\external\google\android-json\0.0.20131108.vaadin1\android-json-0.0.20131108.vaadin1.jar;C:\Users\lenovo\.m2\repository\org\springframework\spring-core\5.1.0.RC2\spring-core-5.1.0.RC2.jar;C:\Users\lenovo\.m2\repository\org\springframework\spring-jcl\5.1.0.RC2\spring-jcl-5.1.0.RC2.jar;C:\Users\lenovo\.m2\repository\org\springframework\spring-test\5.1.0.RC2\spring-test-5.1.0.RC2.jar;C:\Users\lenovo\.m2\repository\org\xmlunit\xmlunit-core\2.6.1\xmlunit-core-2.6.1.jar;C:\Users\lenovo\.m2\repository\com\h2database\h2\1.4.196\h2-1.4.196.jar;"/>
    <property name="sun.cpu.endian" value="little"/>
    <property name="user.home" value="C:\Users\lenovo"/>
    <property name="user.language" value="en"/>
    <property name="java.specification.vendor" value="Oracle Corporation"/>
    <property name="java.home" value="C:\Program Files\Java\jdk1.8.0_181\jre"/>
    <property name="basedir" value="C:\Users\lenovo\Documents\Programmes\microservices\currency-exchange-service"/>
    <property name="file.separator" value="\"/>
    <property name="line.separator" value="&#10;"/>
    <property name="java.vm.specification.vendor" value="Oracle Corporation"/>
    <property name="java.specification.name" value="Java Platform API Specification"/>
    <property name="java.awt.graphicsenv" value="sun.awt.Win32GraphicsEnvironment"/>
    <property name="surefire.real.class.path" value="C:\Users\lenovo\AppData\Local\Temp\surefire7634673535945426731\surefirebooter3175708983416722614.jar"/>
    <property name="sun.boot.class.path" value="C:\Program Files\Java\jdk1.8.0_181\jre\lib\resources.jar;C:\Program Files\Java\jdk1.8.0_181\jre\lib\rt.jar;C:\Program Files\Java\jdk1.8.0_181\jre\lib\sunrsasign.jar;C:\Program Files\Java\jdk1.8.0_181\jre\lib\jsse.jar;C:\Program Files\Java\jdk1.8.0_181\jre\lib\jce.jar;C:\Program Files\Java\jdk1.8.0_181\jre\lib\charsets.jar;C:\Program Files\Java\jdk1.8.0_181\jre\lib\jfr.jar;C:\Program Files\Java\jdk1.8.0_181\jre\classes"/>
    <property name="user.script" value=""/>
    <property name="sun.management.compiler" value="HotSpot 64-Bit Tiered Compilers"/>
    <property name="java.runtime.version" value="1.8.0_181-b13"/>
    <property name="user.name" value="lenovo"/>
    <property name="path.separator" value=";"/>
    <property name="os.version" value="10.0"/>
    <property name="java.endorsed.dirs" value="C:\Program Files\Java\jdk1.8.0_181\jre\lib\endorsed"/>
    <property name="java.runtime.name" value="Java(TM) SE Runtime Environment"/>
    <property name="file.encoding" value="Cp1252"/>
    <property name="java.vm.name" value="Java HotSpot(TM) 64-Bit Server VM"/>
    <property name="localRepository" value="C:\Users\lenovo\.m2\repository"/>
    <property name="java.vendor.url.bug" value="http://bugreport.sun.com/bugreport/"/>
    <property name="java.io.tmpdir" value="C:\Users\lenovo\AppData\Local\Temp\"/>
    <property name="java.version" value="1.8.0_181"/>
    <property name="user.dir" value="C:\Users\lenovo\Documents\Programmes\microservices\currency-exchange-service"/>
    <property name="os.arch" value="amd64"/>
    <property name="java.vm.specification.name" value="Java Virtual Machine Specification"/>
    <property name="java.awt.printerjob" value="sun.awt.windows.WPrinterJob"/>
    <property name="sun.os.patch.level" value=""/>
    <property name="java.library.path" value="C:\Program Files\Java\jdk1.8.0_181\jre\bin;C:\Windows\Sun\Java\bin;C:\Windows\system32;C:\Windows;C:\Program Files (x86)\Common Files\Oracle\Java\javapath;C:\Program Files (x86)\Intel\iCLS Client\;C:\Program Files\Intel\iCLS Client\;C:\Windows\system32;C:\Windows;C:\Windows\System32\Wbem;C:\Windows\System32\WindowsPowerShell\v1.0\;C:\Program Files (x86)\Intel\Intel(R) Management Engine Components\DAL;C:\Program Files\Intel\Intel(R) Management Engine Components\DAL;C:\Program Files (x86)\Intel\Intel(R) Management Engine Components\IPT;C:\Program Files\Intel\Intel(R) Management Engine Components\IPT;C:\Program Files\Git\cmd;C:\Users\lenovo\AppData\Local\Microsoft\WindowsApps;C:\apache-maven-3.5.4-bin\apache-maven-3.5.4\bin;C:\Program Files\Java\jdk1.8.0_181\bin;;."/>
    <property name="java.vm.info" value="mixed mode"/>
    <property name="java.vendor" value="Oracle Corporation"/>
    <property name="java.vm.version" value="25.181-b13"/>
    <property name="java.ext.dirs" value="C:\Program Files\Java\jdk1.8.0_181\jre\lib\ext;C:\Windows\Sun\Java\lib\ext"/>
    <property name="sun.io.unicode.encoding" value="UnicodeLittle"/>
    <property name="java.class.version" value="52.0"/>
  </properties>
  <testcase name="contextLoads" classname="com.microservices.demo.currencyExchangeService.CurrencyExchangeServiceApplicationTests" time="0.178"/>
</testsuite>